app/build/intermediates/manifest_merge_blame_file/debug/manifest-merger-blame-debug-report.txt
1<?xml version="1.0" encoding="utf-8"?>
2<manifest xmlns:android="http://schemas.android.com/apk/res/android"
3    package="com.jj15.muffin"
4    android:versionCode="1"
5    android:versionName="1.0" >
6
7    <uses-sdk
8        android:minSdkVersion="23"
8-->src/main/AndroidManifest.xml
9        android:targetSdkVersion="33" />
9-->src/main/AndroidManifest.xml
10
11    <uses-permission android:name="android.permission.ACCESS_COARSE_LOCATION" />
11-->src/main/AndroidManifest.xml:28:5-81
11-->src/main/AndroidManifest.xml:28:22-78
12    <uses-permission android:name="android.permission.ACCESS_FINE_LOCATION" />
12-->src/main/AndroidManifest.xml:29:5-79
12-->src/main/AndroidManifest.xml:29:22-76
13    <uses-permission android:name="android.permission.INTERNET" />
13-->src/main/AndroidManifest.xml:30:5-67
13-->src/main/AndroidManifest.xml:30:22-64
14    <uses-permission android:name="android.permission.ACCESS_NETWORK_STATE" />
14-->src/main/AndroidManifest.xml:31:5-79
14-->src/main/AndroidManifest.xml:31:22-76
15    <uses-permission android:name="android.permission.WRITE_EXTERNAL_STORAGE" />
15-->src/main/AndroidManifest.xml:32:5-81
15-->src/main/AndroidManifest.xml:32:22-78
16
17    <uses-feature
17-->[com.google.android.gms:play-services-maps:18.0.2] AndroidManifest.xml:26:5-28:35
18        android:glEsVersion="0x00020000"
18-->[com.google.android.gms:play-services-maps:18.0.2] AndroidManifest.xml:27:9-41
19        android:required="true" />
19-->[com.google.android.gms:play-services-maps:18.0.2] AndroidManifest.xml:28:9-32
20
21    <queries>
21-->[com.google.android.gms:play-services-maps:18.0.2] AndroidManifest.xml:30:5-34:15
22
23        <!-- Needs to be explicitly declared on Android R+ -->
24        <package android:name="com.google.android.apps.maps" />
24-->[com.google.android.gms:play-services-maps:18.0.2] AndroidManifest.xml:33:9-64
24-->[com.google.android.gms:play-services-maps:18.0.2] AndroidManifest.xml:33:18-61
25    </queries>
26
27    <supports-screens
27-->[org.osmdroid:osmdroid-android:6.1.2] AndroidManifest.xml:11:5-14:40
28        android:anyDensity="true"
28-->[org.osmdroid:osmdroid-android:6.1.2] AndroidManifest.xml:12:9-34
29        android:largeScreens="true"
29-->[org.osmdroid:osmdroid-android:6.1.2] AndroidManifest.xml:13:9-36
30        android:normalScreens="true" />
30-->[org.osmdroid:osmdroid-android:6.1.2] AndroidManifest.xml:14:9-37
31
32    <uses-feature
32-->[org.osmdroid:osmdroid-android:6.1.2] AndroidManifest.xml:16:5-18:36
33        android:name="android.hardware.location.network"
33-->[org.osmdroid:osmdroid-android:6.1.2] AndroidManifest.xml:17:9-57
34        android:required="false" />
34-->[org.osmdroid:osmdroid-android:6.1.2] AndroidManifest.xml:18:9-33
35    <uses-feature
35-->[org.osmdroid:osmdroid-android:6.1.2] AndroidManifest.xml:19:5-21:36
36        android:name="android.hardware.location.gps"
36-->[org.osmdroid:osmdroid-android:6.1.2] AndroidManifest.xml:20:9-53
37        android:required="false" />
37-->[org.osmdroid:osmdroid-android:6.1.2] AndroidManifest.xml:21:9-33
38    <uses-feature
38-->[org.osmdroid:osmdroid-android:6.1.2] AndroidManifest.xml:22:5-24:36
39        android:name="android.hardware.telephony"
39-->[org.osmdroid:osmdroid-android:6.1.2] AndroidManifest.xml:23:9-50
40        android:required="false" />
40-->[org.osmdroid:osmdroid-android:6.1.2] AndroidManifest.xml:24:9-33
41    <uses-feature
41-->[org.osmdroid:osmdroid-android:6.1.2] AndroidManifest.xml:25:5-27:36
42        android:name="android.hardware.wifi"
42-->[org.osmdroid:osmdroid-android:6.1.2] AndroidManifest.xml:26:9-45
43        android:required="false" />
43-->[org.osmdroid:osmdroid-android:6.1.2] AndroidManifest.xml:27:9-33
44
45    <application
45-->src/main/AndroidManifest.xml:5:5-27:19
46        android:allowBackup="true"
46-->src/main/AndroidManifest.xml:6:9-35
47        android:appComponentFactory="androidx.core.app.CoreComponentFactory"
47-->[androidx.core:core:1.7.0] AndroidManifest.xml:24:18-86
48        android:dataExtractionRules="@xml/data_extraction_rules"
48-->src/main/AndroidManifest.xml:7:9-65
49        android:debuggable="true"
50        android:extractNativeLibs="false"
51        android:fullBackupContent="@xml/backup_rules"
51-->src/main/AndroidManifest.xml:8:9-54
52        android:icon="@mipmap/ic_launcher"
52-->src/main/AndroidManifest.xml:9:9-43
53        android:label="@string/app_name"
53-->src/main/AndroidManifest.xml:10:9-41
54        android:supportsRtl="true"
54-->src/main/AndroidManifest.xml:11:9-35
55        android:testOnly="true"
56        android:theme="@style/Theme.Muffin" >
56-->src/main/AndroidManifest.xml:12:9-44
57        <activity
57-->src/main/AndroidManifest.xml:15:9-25:20
58            android:name="com.jj15.muffin.MainActivity"
58-->src/main/AndroidManifest.xml:16:13-41
59            android:exported="true"
59-->src/main/AndroidManifest.xml:18:13-36
60            android:label="@string/app_name"
60-->src/main/AndroidManifest.xml:17:13-45
61            android:theme="@style/Theme.AppCompat.DayNight.DarkActionBar" >
61-->src/main/AndroidManifest.xml:19:13-74
62            <intent-filter>
62-->src/main/AndroidManifest.xml:20:13-24:29
63                <action android:name="android.intent.action.MAIN" />
63-->src/main/AndroidManifest.xml:21:17-69
63-->src/main/AndroidManifest.xml:21:25-66
64
65                <category android:name="android.intent.category.LAUNCHER" />
65-->src/main/AndroidManifest.xml:23:17-77
65-->src/main/AndroidManifest.xml:23:27-74
66            </intent-filter>
67        </activity>
68
69        <!-- Needs to be explicitly declared on P+ -->
70        <uses-library
70-->[com.google.android.gms:play-services-maps:18.0.2] AndroidManifest.xml:39:9-41:40
71            android:name="org.apache.http.legacy"
71-->[com.google.android.gms:play-services-maps:18.0.2] AndroidManifest.xml:40:13-50
72            android:required="false" />
72-->[com.google.android.gms:play-services-maps:18.0.2] AndroidManifest.xml:41:13-37
73
74        <activity
74-->[com.google.android.gms:play-services-base:18.0.1] AndroidManifest.xml:20:9-22:45
75            android:name="com.google.android.gms.common.api.GoogleApiActivity"
75-->[com.google.android.gms:play-services-base:18.0.1] AndroidManifest.xml:20:19-85
76            android:exported="false"
76-->[com.google.android.gms:play-services-base:18.0.1] AndroidManifest.xml:22:19-43
77            android:theme="@android:style/Theme.Translucent.NoTitleBar" />
77-->[com.google.android.gms:play-services-base:18.0.1] AndroidManifest.xml:21:19-78
78
79        <meta-data
79-->[com.google.android.gms:play-services-basement:18.0.0] AndroidManifest.xml:21:9-23:69
80            android:name="com.google.android.gms.version"
80-->[com.google.android.gms:play-services-basement:18.0.0] AndroidManifest.xml:22:13-58
81            android:value="@integer/google_play_services_version" />
81-->[com.google.android.gms:play-services-basement:18.0.0] AndroidManifest.xml:23:13-66
82
83        <provider
83-->[androidx.emoji2:emoji2:1.0.0] AndroidManifest.xml:26:9-34:20
84            android:name="androidx.startup.InitializationProvider"
84-->[androidx.emoji2:emoji2:1.0.0] AndroidManifest.xml:27:13-67
85            android:authorities="com.jj15.muffin.androidx-startup"
85-->[androidx.emoji2:emoji2:1.0.0] AndroidManifest.xml:28:13-68
86            android:exported="false" >
86-->[androidx.emoji2:emoji2:1.0.0] AndroidManifest.xml:29:13-37
87            <meta-data
87-->[androidx.emoji2:emoji2:1.0.0] AndroidManifest.xml:31:13-33:52
88                android:name="androidx.emoji2.text.EmojiCompatInitializer"
88-->[androidx.emoji2:emoji2:1.0.0] AndroidManifest.xml:32:17-75
89                android:value="androidx.startup" />
89-->[androidx.emoji2:emoji2:1.0.0] AndroidManifest.xml:33:17-49
90            <meta-data
90-->[androidx.lifecycle:lifecycle-process:2.4.0] AndroidManifest.xml:31:13-33:52
91                android:name="androidx.lifecycle.ProcessLifecycleInitializer"
91-->[androidx.lifecycle:lifecycle-process:2.4.0] AndroidManifest.xml:32:17-78
92                android:value="androidx.startup" />
92-->[androidx.lifecycle:lifecycle-process:2.4.0] AndroidManifest.xml:33:17-49
93        </provider>
94    </application>
95
96</manifest>